2025-05-03 16:36:30,918 - WARNING -  * Debugger is active!
2025-05-03 16:36:30,920 - WARNING -  * Debugger is active!
2025-05-03 16:36:30,921 - INFO -  * Debugger PIN: 235-610-944
2025-05-03 16:36:30,923 - INFO -  * Debugger PIN: 235-610-944
2025-05-03 16:36:30,963 - WARNING -  * Debugger is active!
2025-05-03 16:36:30,966 - INFO -  * Debugger PIN: 235-610-944
2025-05-03 16:36:31,252 - INFO -  * Detected change in 'C:\\Users\\Chitra\\Desktop\\Invoice_processing\\ocr_project\\.~app.py', reloading
2025-05-03 16:36:31,255 - INFO -  * Detected change in 'C:\\Users\\Chitra\\Desktop\\Invoice_processing\\ocr_project\\.~app.py', reloading
2025-05-03 16:36:31,255 - INFO -  * Detected change in 'C:\\Users\\Chitra\\Desktop\\Invoice_processing\\ocr_project\\.~app.py', reloading
2025-05-03 16:36:31,257 - INFO -  * Detected change in 'C:\\Users\\Chitra\\Desktop\\Invoice_processing\\ocr_project\\.~app.py', reloading
2025-05-03 16:36:31,259 - INFO -  * Detected change in 'C:\\Users\\Chitra\\Desktop\\Invoice_processing\\ocr_project\\.~app.py', reloading
2025-05-03 16:36:31,260 - INFO -  * Detected change in 'C:\\Users\\Chitra\\Desktop\\Invoice_processing\\ocr_project\\.~app.py', reloading
2025-05-03 16:36:31,260 - INFO -  * Detected change in 'C:\\Users\\Chitra\\Desktop\\Invoice_processing\\ocr_project\\.~app.py', reloading
2025-05-03 16:36:31,260 - INFO -  * Detected change in 'C:\\Users\\Chitra\\Desktop\\Invoice_processing\\ocr_project\\.~app.py', reloading
2025-05-03 16:36:31,263 - INFO -  * Detected change in 'C:\\Users\\Chitra\\Desktop\\Invoice_processing\\ocr_project\\app.py', reloading
2025-05-03 16:36:31,263 - INFO -  * Detected change in 'C:\\Users\\Chitra\\Desktop\\Invoice_processing\\ocr_project\\app.py', reloading
2025-05-03 16:36:31,264 - INFO -  * Detected change in 'C:\\Users\\Chitra\\Desktop\\Invoice_processing\\ocr_project\\app.py', reloading
2025-05-03 16:36:31,264 - INFO -  * Detected change in 'C:\\Users\\Chitra\\Desktop\\Invoice_processing\\ocr_project\\app.py', reloading
2025-05-03 16:36:31,264 - INFO -  * Detected change in 'C:\\Users\\Chitra\\Desktop\\Invoice_processing\\ocr_project\\app.py', reloading
2025-05-03 16:36:31,264 - INFO -  * Detected change in 'C:\\Users\\Chitra\\Desktop\\Invoice_processing\\ocr_project\\app.py', reloading
2025-05-03 16:36:31,269 - INFO -  * Detected change in 'C:\\Users\\Chitra\\Desktop\\Invoice_processing\\ocr_project\\.~app.py', reloading
2025-05-03 16:36:31,269 - INFO -  * Detected change in 'C:\\Users\\Chitra\\Desktop\\Invoice_processing\\ocr_project\\.~app.py', reloading
2025-05-03 16:36:31,307 - INFO -  * Detected change in 'C:\\Users\\Chitra\\Desktop\\Invoice_processing\\ocr_project\\.ipynb_checkpoints\\app-checkpoint.py', reloading
2025-05-03 16:36:31,307 - INFO -  * Detected change in 'C:\\Users\\Chitra\\Desktop\\Invoice_processing\\ocr_project\\.ipynb_checkpoints\\app-checkpoint.py', reloading
2025-05-03 16:36:31,307 - INFO -  * Detected change in 'C:\\Users\\Chitra\\Desktop\\Invoice_processing\\ocr_project\\.ipynb_checkpoints\\app-checkpoint.py', reloading
2025-05-03 16:36:31,307 - INFO -  * Detected change in 'C:\\Users\\Chitra\\Desktop\\Invoice_processing\\ocr_project\\.ipynb_checkpoints\\app-checkpoint.py', reloading
2025-05-03 16:36:31,307 - INFO -  * Detected change in 'C:\\Users\\Chitra\\Desktop\\Invoice_processing\\ocr_project\\.ipynb_checkpoints\\app-checkpoint.py', reloading
2025-05-03 16:36:31,311 - INFO -  * Detected change in 'C:\\Users\\Chitra\\Desktop\\Invoice_processing\\ocr_project\\.ipynb_checkpoints\\app-checkpoint.py', reloading
2025-05-03 16:36:31,311 - INFO -  * Detected change in 'C:\\Users\\Chitra\\Desktop\\Invoice_processing\\ocr_project\\.ipynb_checkpoints\\app-checkpoint.py', reloading
2025-05-03 16:36:33,305 - WARNING -  * Debugger is active!
2025-05-03 16:36:33,308 - INFO -  * Debugger PIN: 235-610-944
2025-05-03 16:36:33,310 - WARNING -  * Debugger is active!
2025-05-03 16:36:33,313 - INFO -  * Debugger PIN: 235-610-944
2025-05-03 16:36:33,397 - WARNING -  * Debugger is active!
2025-05-03 16:36:33,397 - INFO -  * Debugger PIN: 235-610-944
2025-05-03 16:37:07,247 - INFO - [31m[1mWARNING: This is a development server. Do not use it in a production deployment. Use a production WSGI server instead.[0m
 * Running on http://127.0.0.1:5000
2025-05-03 16:37:07,247 - INFO - [33mPress CTRL+C to quit[0m
2025-05-03 16:37:07,255 - INFO -  * Restarting with watchdog (windowsapi)
2025-05-03 16:37:08,036 - WARNING -  * Debugger is active!
2025-05-03 16:37:08,040 - INFO -  * Debugger PIN: 235-610-944
2025-05-03 16:42:34,258 - INFO -  * Detected change in 'C:\\Users\\Chitra\\Desktop\\Invoice_processing\\ocr_project\\.~app.py', reloading
2025-05-03 16:42:34,259 - INFO -  * Detected change in 'C:\\Users\\Chitra\\Desktop\\Invoice_processing\\ocr_project\\.~app.py', reloading
2025-05-03 16:42:34,259 - INFO -  * Detected change in 'C:\\Users\\Chitra\\Desktop\\Invoice_processing\\ocr_project\\.~app.py', reloading
2025-05-03 16:42:34,259 - INFO -  * Detected change in 'C:\\Users\\Chitra\\Desktop\\Invoice_processing\\ocr_project\\.~app.py', reloading
2025-05-03 16:42:34,259 - INFO -  * Detected change in 'C:\\Users\\Chitra\\Desktop\\Invoice_processing\\ocr_project\\.~app.py', reloading
2025-05-03 16:42:34,259 - INFO -  * Detected change in 'C:\\Users\\Chitra\\Desktop\\Invoice_processing\\ocr_project\\.~app.py', reloading
2025-05-03 16:42:34,259 - INFO -  * Detected change in 'C:\\Users\\Chitra\\Desktop\\Invoice_processing\\ocr_project\\.~app.py', reloading
2025-05-03 16:42:34,259 - INFO -  * Detected change in 'C:\\Users\\Chitra\\Desktop\\Invoice_processing\\ocr_project\\.~app.py', reloading
2025-05-03 16:42:34,260 - INFO -  * Detected change in 'C:\\Users\\Chitra\\Desktop\\Invoice_processing\\ocr_project\\.~app.py', reloading
2025-05-03 16:42:34,260 - INFO -  * Detected change in 'C:\\Users\\Chitra\\Desktop\\Invoice_processing\\ocr_project\\.~app.py', reloading
2025-05-03 16:42:34,260 - INFO -  * Detected change in 'C:\\Users\\Chitra\\Desktop\\Invoice_processing\\ocr_project\\app.py', reloading
2025-05-03 16:42:34,260 - INFO -  * Detected change in 'C:\\Users\\Chitra\\Desktop\\Invoice_processing\\ocr_project\\app.py', reloading
2025-05-03 16:42:34,260 - INFO -  * Detected change in 'C:\\Users\\Chitra\\Desktop\\Invoice_processing\\ocr_project\\app.py', reloading
2025-05-03 16:42:34,260 - INFO -  * Detected change in 'C:\\Users\\Chitra\\Desktop\\Invoice_processing\\ocr_project\\app.py', reloading
2025-05-03 16:42:34,260 - INFO -  * Detected change in 'C:\\Users\\Chitra\\Desktop\\Invoice_processing\\ocr_project\\app.py', reloading
2025-05-03 16:42:34,260 - INFO -  * Detected change in 'C:\\Users\\Chitra\\Desktop\\Invoice_processing\\ocr_project\\app.py', reloading
2025-05-03 16:42:34,260 - INFO -  * Detected change in 'C:\\Users\\Chitra\\Desktop\\Invoice_processing\\ocr_project\\app.py', reloading
2025-05-03 16:42:34,260 - INFO -  * Detected change in 'C:\\Users\\Chitra\\Desktop\\Invoice_processing\\ocr_project\\app.py', reloading
2025-05-03 16:42:34,264 - INFO -  * Detected change in 'C:\\Users\\Chitra\\Desktop\\Invoice_processing\\ocr_project\\.~app.py', reloading
2025-05-03 16:42:35,052 - INFO -  * Restarting with watchdog (windowsapi)
2025-05-03 16:45:30,607 - INFO -  * Restarting with watchdog (windowsapi)
2025-05-03 17:01:40,909 - INFO -  * Restarting with watchdog (windowsapi)
2025-05-03 17:07:19,041 - INFO -  * Restarting with watchdog (windowsapi)
2025-05-03 17:11:09,609 - INFO -  * Restarting with watchdog (windowsapi)
2025-05-03 17:11:37,641 - INFO -  * Restarting with watchdog (windowsapi)
2025-05-03 17:11:41,371 - INFO -  * Restarting with watchdog (windowsapi)
2025-05-03 17:31:10,262 - INFO -  * Restarting with watchdog (windowsapi)
2025-05-03 17:45:44,797 - INFO -  * Restarting with watchdog (windowsapi)
2025-05-03 18:11:29,399 - INFO -  * Restarting with watchdog (windowsapi)
2025-05-03 18:14:23,252 - INFO -  * Restarting with watchdog (windowsapi)
2025-05-03 18:19:26,212 - INFO -  * Restarting with watchdog (windowsapi)
2025-05-03 18:22:25,827 - INFO -  * Restarting with watchdog (windowsapi)
2025-05-03 18:24:30,204 - INFO -  * Restarting with watchdog (windowsapi)
2025-05-03 18:28:31,873 - INFO -  * Restarting with watchdog (windowsapi)
2025-05-03 18:28:36,845 - INFO -  * Restarting with watchdog (windowsapi)
2025-05-03 18:28:40,417 - INFO -  * Restarting with watchdog (windowsapi)
2025-05-03 18:28:43,844 - INFO -  * Restarting with watchdog (windowsapi)
2025-05-03 18:28:47,811 - INFO -  * Restarting with watchdog (windowsapi)
2025-05-03 18:41:02,964 - INFO -  * Restarting with watchdog (windowsapi)
